This file contains any messages produced by compilers while
running configure, to aid debugging if configure makes a mistake.

It was created by libunwind configure 0.99-beta, which was
generated by GNU Autoconf 2.61.  Invocation command line was

  $ ./configure 

## --------- ##
## Platform. ##
## --------- ##

hostname = bogon
uname -m = x86_64
uname -r = 3.10.0-229.el7.x86_64
uname -s = Linux
uname -v = #1 SMP Fri Mar 6 11:36:42 UTC 2015

/usr/bin/uname -p = x86_64
/bin/uname -X     = unknown

/bin/arch              = x86_64
/usr/bin/arch -k       = unknown
/usr/convex/getsysinfo = unknown
/usr/bin/hostinfo      = unknown
/bin/machine           = unknown
/usr/bin/oslevel       = unknown
/bin/universe          = unknown

PATH: /usr/local/sbin
PATH: /usr/local/bin
PATH: /usr/sbin
PATH: /usr/bin
PATH: /root/bin


## ----------- ##
## Core tests. ##
## ----------- ##

configure:2029: checking build system type
configure:2047: result: x86_64-unknown-linux-gnu
configure:2069: checking host system type
configure:2084: result: x86_64-unknown-linux-gnu
configure:2106: checking target system type
configure:2121: result: x86_64-unknown-linux-gnu
configure:2164: checking for a BSD-compatible install
configure:2220: result: /usr/bin/install -c
configure:2231: checking whether build environment is sane
configure:2274: result: yes
configure:2302: checking for a thread-safe mkdir -p
configure:2341: result: /usr/bin/mkdir -p
configure:2354: checking for gawk
configure:2370: found /usr/bin/gawk
configure:2381: result: gawk
configure:2392: checking whether make sets $(MAKE)
configure:2413: result: yes
configure:2601: checking whether to enable maintainer-specific portions of Makefiles
configure:2610: result: no
configure:2674: checking for gcc
configure:2704: result: no
configure:2771: checking for cc
configure:2818: result: no
configure:2874: checking for cl.exe
configure:2904: result: no
configure:2933: error: no acceptable C compiler found in $PATH
See `config.log' for more details.

## ---------------- ##
## Cache variables. ##
## ---------------- ##

ac_cv_build=x86_64-unknown-linux-gnu
ac_cv_env_CCASFLAGS_set=
ac_cv_env_CCASFLAGS_value=
ac_cv_env_CCAS_set=
ac_cv_env_CCAS_value=
ac_cv_env_CCC_set=
ac_cv_env_CCC_value=
ac_cv_env_CC_set=
ac_cv_env_CC_value=
ac_cv_env_CFLAGS_set=
ac_cv_env_CFLAGS_value=
ac_cv_env_CPPFLAGS_set=
ac_cv_env_CPPFLAGS_value=
ac_cv_env_CPP_set=
ac_cv_env_CPP_value=
ac_cv_env_CXXCPP_set=
ac_cv_env_CXXCPP_value=
ac_cv_env_CXXFLAGS_set=
ac_cv_env_CXXFLAGS_value=
ac_cv_env_CXX_set=
ac_cv_env_CXX_value=
ac_cv_env_F77_set=
ac_cv_env_F77_value=
ac_cv_env_FFLAGS_set=
ac_cv_env_FFLAGS_value=
ac_cv_env_LDFLAGS_set=
ac_cv_env_LDFLAGS_value=
ac_cv_env_LIBS_set=
ac_cv_env_LIBS_value=
ac_cv_env_build_alias_set=
ac_cv_env_build_alias_value=
ac_cv_env_host_alias_set=
ac_cv_env_host_alias_value=
ac_cv_env_target_alias_set=
ac_cv_env_target_alias_value=
ac_cv_host=x86_64-unknown-linux-gnu
ac_cv_path_install='/usr/bin/install -c'
ac_cv_path_mkdir=/usr/bin/mkdir
ac_cv_prog_AWK=gawk
ac_cv_prog_make_make_set=yes
ac_cv_target=x86_64-unknown-linux-gnu

## ----------------- ##
## Output variables. ##
## ----------------- ##

ACLOCAL='${SHELL} /mnt/openresty/libunwind-0.99-beta/config/missing --run aclocal-1.10'
AMDEPBACKSLASH=''
AMDEP_FALSE=''
AMDEP_TRUE=''
AMTAR='${SHELL} /mnt/openresty/libunwind-0.99-beta/config/missing --run tar'
AR=''
ARCH=''
ARCH_ARM_FALSE=''
ARCH_ARM_TRUE=''
ARCH_HPPA_FALSE=''
ARCH_HPPA_TRUE=''
ARCH_IA64_FALSE=''
ARCH_IA64_TRUE=''
ARCH_MIPS_FALSE=''
ARCH_MIPS_TRUE=''
ARCH_PPC32_FALSE=''
ARCH_PPC32_TRUE=''
ARCH_PPC64_FALSE=''
ARCH_PPC64_TRUE=''
ARCH_X86_64_FALSE=''
ARCH_X86_64_TRUE=''
ARCH_X86_FALSE=''
ARCH_X86_TRUE=''
AUTOCONF='${SHELL} /mnt/openresty/libunwind-0.99-beta/config/missing --run autoconf'
AUTOHEADER='${SHELL} /mnt/openresty/libunwind-0.99-beta/config/missing --run autoheader'
AUTOMAKE='${SHELL} /mnt/openresty/libunwind-0.99-beta/config/missing --run automake-1.10'
AWK='gawk'
CC=''
CCAS=''
CCASDEPMODE=''
CCASFLAGS=''
CCDEPMODE=''
CFLAGS=''
CPP=''
CPPFLAGS=''
CXX=''
CXXCPP=''
CXXDEPMODE=''
CXXFLAGS=''
CYGPATH_W='echo'
DEFS=''
DEPDIR=''
ECHO='echo'
ECHO_C=''
ECHO_N='-n'
ECHO_T=''
EGREP=''
EXEEXT=''
F77=''
FFLAGS=''
GREP=''
INSTALL_DATA='${INSTALL} -m 644'
INSTALL_PROGRAM='${INSTALL}'
INSTALL_SCRIPT='${INSTALL}'
INSTALL_STRIP_PROGRAM='$(install_sh) -c -s'
LDFLAGS=''
LDFLAGS_STATIC_LIBCXA=''
LIBCRTS=''
LIBOBJS=''
LIBS=''
LIBTOOL=''
LN_S=''
LTLIBOBJS=''
MAINT='#'
MAINTAINER_MODE_FALSE=''
MAINTAINER_MODE_TRUE='#'
MAKEINFO='${SHELL} /mnt/openresty/libunwind-0.99-beta/config/missing --run makeinfo'
OBJEXT=''
OS_HPUX_FALSE=''
OS_HPUX_TRUE=''
OS_LINUX_FALSE=''
OS_LINUX_TRUE=''
PACKAGE='libunwind'
PACKAGE_BUGREPORT='libunwind-devel@nongnu.org'
PACKAGE_NAME='libunwind'
PACKAGE_STRING='libunwind 0.99-beta'
PACKAGE_TARNAME='libunwind'
PACKAGE_VERSION='0.99-beta'
PATH_SEPARATOR=':'
PKG_EXTRA=''
PKG_MAINTAINER=''
PKG_MAJOR=''
PKG_MINOR=''
RANLIB=''
REMOTE_ONLY_FALSE=''
REMOTE_ONLY_TRUE=''
SED=''
SET_MAKE=''
SHELL='/bin/sh'
STRIP=''
SUPPORT_CXX_EXCEPTIONS_FALSE=''
SUPPORT_CXX_EXCEPTIONS_TRUE=''
USE_ALTIVEC_FALSE=''
USE_ALTIVEC_TRUE=''
VERSION='0.99-beta'
ac_ct_CC=''
ac_ct_CXX=''
ac_ct_F77=''
am__fastdepCCAS_FALSE=''
am__fastdepCCAS_TRUE=''
am__fastdepCC_FALSE=''
am__fastdepCC_TRUE=''
am__fastdepCXX_FALSE=''
am__fastdepCXX_TRUE=''
am__include=''
am__isrc=''
am__leading_dot='.'
am__quote=''
am__tar='${AMTAR} chof - "$$tardir"'
am__untar='${AMTAR} xf -'
arch=''
bindir='${exec_prefix}/bin'
build='x86_64-unknown-linux-gnu'
build_alias=''
build_arch=''
build_cpu='x86_64'
build_os='linux-gnu'
build_vendor='unknown'
datadir='${datarootdir}'
datarootdir='${prefix}/share'
docdir='${datarootdir}/doc/${PACKAGE_TARNAME}'
dvidir='${docdir}'
enable_cxx_exceptions=''
exec_prefix='NONE'
host='x86_64-unknown-linux-gnu'
host_alias=''
host_cpu='x86_64'
host_os='linux-gnu'
host_vendor='unknown'
htmldir='${docdir}'
includedir='${prefix}/include'
infodir='${datarootdir}/info'
install_sh='$(SHELL) /mnt/openresty/libunwind-0.99-beta/config/install-sh'
libdir='${exec_prefix}/lib'
libexecdir='${exec_prefix}/libexec'
localedir='${datarootdir}/locale'
localstatedir='${prefix}/var'
mandir='${datarootdir}/man'
mkdir_p='/usr/bin/mkdir -p'
oldincludedir='/usr/include'
pdfdir='${docdir}'
prefix='NONE'
program_transform_name='s,x,x,'
psdir='${docdir}'
sbindir='${exec_prefix}/sbin'
sharedstatedir='${prefix}/com'
sysconfdir='${prefix}/etc'
target='x86_64-unknown-linux-gnu'
target_alias=''
target_cpu='x86_64'
target_os='linux-gnu'
target_vendor='unknown'

## ----------- ##
## confdefs.h. ##
## ----------- ##

#define PACKAGE_NAME "libunwind"
#define PACKAGE_TARNAME "libunwind"
#define PACKAGE_VERSION "0.99-beta"
#define PACKAGE_STRING "libunwind 0.99-beta"
#define PACKAGE_BUGREPORT "libunwind-devel@nongnu.org"
#define PACKAGE "libunwind"
#define VERSION "0.99-beta"

configure: exit 1
